<?xml version="1.0" encoding="UTF-8"?>
<!-- Generated by org.testng.reporters.JUnitReportReporter -->
<testsuite skipped="0" hostname="vetsodi10014387" name="Utility.Report" tests="2" failures="0" timestamp="04 Apr 2025 07:54:25 GMT" time="117.805" errors="0">
  <testcase name="Launch_Browser" time="86.707" classname="Utility.Report"/>
  <testcase name="team_activity_analytics_report" time="31.098" classname="Utility.Report"/>
</testsuite> <!-- Utility.Report -->
